Unity Editor version:    2021.3.3f1 (af2e63e8f9bd)
Branch:                  2021.3/staging
Build type:              Release
Batch mode:              YES
macOS version:           Version 12.6.2 (Build 21G320)
Darwin version:          21.6.0
Architecture:            arm64
Running under Rosetta:   NO
Available memory:        8192 MB
Using pre-set license
Pro License: YES

COMMAND LINE ARGUMENTS:
/Applications/Unity/Hub/Editor/2021.3.3f1/Unity.app/Contents/MacOS/Unity
-adb2
-batchMode
-noUpm
-name
AssetImportWorker0
-projectPath
/Users/zfang23/Documents/GitHub/ProjectMagical_1/My project
-logFile
Logs/AssetImportWorker0.log
-srvPort
58799
Successfully changed project path to: /Users/zfang23/Documents/GitHub/ProjectMagical_1/My project
/Users/zfang23/Documents/GitHub/ProjectMagical_1/My project
[UnityMemory] Configuration Parameters - Can be set up in boot.config
    "memorysetup-bucket-allocator-granularity=16"
    "memorysetup-bucket-allocator-bucket-count=8"
    "memorysetup-bucket-allocator-block-size=33554432"
    "memorysetup-bucket-allocator-block-count=8"
    "memorysetup-main-allocator-block-size=16777216"
    "memorysetup-thread-allocator-block-size=16777216"
    "memorysetup-gfx-main-allocator-block-size=16777216"
    "memorysetup-gfx-thread-allocator-block-size=16777216"
    "memorysetup-cache-allocator-block-size=4194304"
    "memorysetup-typetree-allocator-block-size=2097152"
    "memorysetup-profiler-bucket-allocator-granularity=16"
    "memorysetup-profiler-bucket-allocator-bucket-count=8"
    "memorysetup-profiler-bucket-allocator-block-size=33554432"
    "memorysetup-profiler-bucket-allocator-block-count=8"
    "memorysetup-profiler-allocator-block-size=16777216"
    "memorysetup-profiler-editor-allocator-block-size=1048576"
    "memorysetup-temp-allocator-size-main=16777216"
    "memorysetup-job-temp-allocator-block-size=2097152"
    "memorysetup-job-temp-allocator-block-size-background=1048576"
    "memorysetup-job-temp-allocator-reduction-small-platforms=262144"
    "memorysetup-temp-allocator-size-background-worker=32768"
    "memorysetup-temp-allocator-size-job-worker=262144"
    "memorysetup-temp-allocator-size-preload-manager=33554432"
    "memorysetup-temp-allocator-size-nav-mesh-worker=65536"
    "memorysetup-temp-allocator-size-audio-worker=65536"
    "memorysetup-temp-allocator-size-cloud-worker=32768"
    "memorysetup-temp-allocator-size-gi-baking-worker=262144"
    "memorysetup-temp-allocator-size-gfx=262144"
Refreshing native plugins compatible for Editor in 146.50 ms, found 4 plugins.
Preloading 1 native plugins for Editor in 8.24 ms.
Initialize engine version: 2021.3.3f1 (af2e63e8f9bd)
[Subsystems] Discovering subsystems at path /Applications/Unity/Hub/Editor/2021.3.3f1/Unity.app/Contents/Resources/UnitySubsystems
[Subsystems] Discovering subsystems at path /Users/zfang23/Documents/GitHub/ProjectMagical_1/My project/Assets
GfxDevice: creating device client; threaded=0; jobified=0
 preferred device: Apple M1 (high power)
Metal devices available: 1
0: Apple M1 (high power)
Using device Apple M1 (high power)
Initializing Metal device caps: Apple M1
Initialize mono
Mono path[0] = '/Applications/Unity/Hub/Editor/2021.3.3f1/Unity.app/Contents/Managed'
Mono path[1] = '/Applications/Unity/Hub/Editor/2021.3.3f1/Unity.app/Contents/MonoBleedingEdge/lib/mono/unityjit-macos'
Mono config path = '/Applications/Unity/Hub/Editor/2021.3.3f1/Unity.app/Contents/MonoBleedingEdge/etc'
Using monoOptions --debugger-agent=transport=dt_socket,embedding=1,server=y,suspend=n,address=127.0.0.1:56068
Begin MonoManager ReloadAssembly
Registering precompiled unity dll's ...
Register platform support module: /Applications/Unity/Hub/Editor/2021.3.3f1/Unity.app/Contents/PlaybackEngines/MacStandaloneSupport/UnityEditor.OSXStandalone.Extensions.dll
Register platform support module: /Applications/Unity/Hub/Editor/2021.3.3f1/PlaybackEngines/AndroidPlayer/UnityEditor.Android.Extensions.dll
Register platform support module: /Applications/Unity/Hub/Editor/2021.3.3f1/PlaybackEngines/iOSSupport/UnityEditor.iOS.Extensions.dll
Registered in 0.003094 seconds.
[usbmuxd] Start listen thread
[usbmuxd] Listen thread started
[usbmuxd] Send listen message
Native extension for iOS target not found
Native extension for Android target not found
Native extension for OSXStandalone target not found
Refreshing native plugins compatible for Editor in 119.68 ms, found 4 plugins.
Preloading 1 native plugins for Editor in 1.57 ms.
Mono: successfully reloaded assembly
- Completed reload, in  0.600 seconds
Domain Reload Profiling:
	ReloadAssembly (600ms)
		BeginReloadAssembly (133ms)
			ExecutionOrderSort (0ms)
			DisableScriptedObjects (0ms)
			BackupInstance (0ms)
			ReleaseScriptingObjects (0ms)
			CreateAndSetChildDomain (0ms)
		EndReloadAssembly (393ms)
			LoadAssemblies (137ms)
			RebuildTransferFunctionScriptingTraits (0ms)
			SetupTypeCache (83ms)
			ReleaseScriptCaches (0ms)
			RebuildScriptCaches (18ms)
			SetupLoadedEditorAssemblies (262ms)
				LogAssemblyErrors (0ms)
				InitializePlatformSupportModulesInManaged (67ms)
				SetLoadedEditorAssemblies (0ms)
				RefreshPlugins (121ms)
				BeforeProcessingInitializeOnLoad (1ms)
				ProcessInitializeOnLoadAttributes (44ms)
				ProcessInitializeOnLoadMethodAttributes (28ms)
				AfterProcessingInitializeOnLoad (0ms)
				EditorAssembliesLoaded (0ms)
			ExecutionOrderSort2 (0ms)
			AwakeInstancesAfterBackupRestoration (0ms)
Platform modules already initialized, skipping
Registering precompiled user dll's ...
Registered in 0.041741 seconds.
Begin MonoManager ReloadAssembly
Symbol file LoadedFromMemory doesn't match image /Users/zfang23/Documents/GitHub/ProjectMagical_1/My project/Library/PackageCache/com.unity.visualscripting@1.7.6/Editor/VisualScripting.Core/Dependencies/YamlDotNet/Unity.VisualScripting.YamlDotNet.dll
Symbol file LoadedFromMemory doesn't match image /Users/zfang23/Documents/GitHub/ProjectMagical_1/My project/Library/PackageCache/com.unity.visualscripting@1.7.6/Editor/VisualScripting.Core/Dependencies/DotNetZip/Unity.VisualScripting.IonicZip.dll
Native extension for iOS target not found
Native extension for Android target not found
Native extension for OSXStandalone target not found
Refreshing native plugins compatible for Editor in 113.98 ms, found 4 plugins.
Preloading 1 native plugins for Editor in 1.60 ms.
Package Manager log level set to [2]
Mono: successfully reloaded assembly
- Completed reload, in  1.388 seconds
Domain Reload Profiling:
	ReloadAssembly (1388ms)
		BeginReloadAssembly (263ms)
			ExecutionOrderSort (0ms)
			DisableScriptedObjects (3ms)
			BackupInstance (0ms)
			ReleaseScriptingObjects (0ms)
			CreateAndSetChildDomain (123ms)
		EndReloadAssembly (1049ms)
			LoadAssemblies (233ms)
			RebuildTransferFunctionScriptingTraits (0ms)
			SetupTypeCache (224ms)
			ReleaseScriptCaches (4ms)
			RebuildScriptCaches (50ms)
			SetupLoadedEditorAssemblies (602ms)
				LogAssemblyErrors (0ms)
				InitializePlatformSupportModulesInManaged (21ms)
				SetLoadedEditorAssemblies (0ms)
				RefreshPlugins (116ms)
				BeforeProcessingInitializeOnLoad (220ms)
				ProcessInitializeOnLoadAttributes (197ms)
				ProcessInitializeOnLoadMethodAttributes (48ms)
				AfterProcessingInitializeOnLoad (1ms)
				EditorAssembliesLoaded (0ms)
			ExecutionOrderSort2 (0ms)
			AwakeInstancesAfterBackupRestoration (2ms)
Platform modules already initialized, skipping
========================================================================
Worker process is ready to serve import requests
Launching external process: /Applications/Unity/Hub/Editor/2021.3.3f1/Unity.app/Contents/Tools/UnityShaderCompiler
Launched and connected shader compiler UnityShaderCompiler after 0.27 seconds
Refreshing native plugins compatible for Editor in 0.83 ms, found 4 plugins.
Preloading 1 native plugins for Editor in 0.44 ms.
Unloading 6393 Unused Serialized files (Serialized files now loaded: 0)
Unloading 46 unused Assets / (0.8 MB). Loaded Objects now: 6845.
Memory consumption went from 387.9 MB to 387.2 MB.
Total: 8.146333 ms (FindLiveObjects: 0.343500 ms CreateObjectMapping: 0.089625 ms MarkObjects: 7.281625 ms  DeleteObjects: 0.430791 ms)

AssetImportParameters requested are different than current active one (requested -> active):
  custom:video-decoder-ogg-theora: a1e56fd34408186e4bbccfd4996cb3dc -> 
  custom:container-muxer-webm: aa71ff27fc2769a1b78a27578f13a17b -> 
  custom:container-demuxer-webm: 4f35f7cbe854078d1ac9338744f61a02 -> 
  custom:video-encoder-webm-vp8: eb34c28f22e8b96e1ab97ce403110664 -> 
  custom:framework-osx-AVFoundation: e770b220cccbd017edd2c1fefb359320 -> 
  custom:audio-encoder-webm-vorbis: bf7c407c2cedff20999df2af8eb42d56 -> 
  custom:container-demuxer-ogg: 62fdf1f143b41e24485cea50d1cbac27 -> 
  custom:video-decoder-webm-vp8: 9c59270c3fd7afecdb556c50c9e8de78 -> 
  custom:audio-decoder-ogg-vorbis: bf7c407c2cedff20999df2af8eb42d56 -> 
========================================================================
Received Import Request.
  Time since last request: 49550.204203 seconds.
  path: Assets/Momi_Bat.prefab
  artifactKey: Guid(d52a0312a410241d79562a8f544d5c52) Importer(815301076,1909f56bfc062723c751e8b465ee728b)
Start importing Assets/Momi_Bat.prefab using Guid(d52a0312a410241d79562a8f544d5c52) Importer(815301076,1909f56bfc062723c751e8b465ee728b)  -> (artifact id: '68e0a77c081039725d2a4e4498c1b7a8') in 0.322752 seconds 
========================================================================
Received Import Request.
  Time since last request: 147.551316 seconds.
  path: Assets/Baseball Bats/Assets/Materials/Mob_Baseball_Bat_01.mat
  artifactKey: Guid(65737500a7b3732419cc51dd57a76877) Importer(815301076,1909f56bfc062723c751e8b465ee728b)
Start importing Assets/Baseball Bats/Assets/Materials/Mob_Baseball_Bat_01.mat using Guid(65737500a7b3732419cc51dd57a76877) Importer(815301076,1909f56bfc062723c751e8b465ee728b)  -> (artifact id: 'aa7deb939b2c7d0ff3dbd2e37c94263f') in 0.153574 seconds 
========================================================================
Received Import Request.
  Time since last request: 0.000080 seconds.
  path: Assets/Baseball Bats/Assets/Materials/PC_Baseball_Bat_08.mat
  artifactKey: Guid(f8770feb6cc3bdf42900cbb9e1d589f9) Importer(815301076,1909f56bfc062723c751e8b465ee728b)
Start importing Assets/Baseball Bats/Assets/Materials/PC_Baseball_Bat_08.mat using Guid(f8770feb6cc3bdf42900cbb9e1d589f9) Importer(815301076,1909f56bfc062723c751e8b465ee728b)  -> (artifact id: 'cee8d70c0a6b80f4706c99ed1edbed9c') in 0.045901 seconds 
========================================================================
Received Import Request.
  Time since last request: 0.000046 seconds.
  path: Assets/Baseball Bats/Assets/Materials/Mob_Baseball_Bat_03.mat
  artifactKey: Guid(3988249ada95ce64282cd8fde6df42db) Importer(815301076,1909f56bfc062723c751e8b465ee728b)
Start importing Assets/Baseball Bats/Assets/Materials/Mob_Baseball_Bat_03.mat using Guid(3988249ada95ce64282cd8fde6df42db) Importer(815301076,1909f56bfc062723c751e8b465ee728b)  -> (artifact id: '24470c648bbffe1f9300bbdf4bc9d770') in 0.041652 seconds 
========================================================================
Received Import Request.
  Time since last request: 0.000048 seconds.
  path: Assets/Baseball Bats/Assets/Materials/Mob_Baseball_Bat_07.mat
  artifactKey: Guid(338fca8d7cbec3e4fbdae62acd48d45a) Importer(815301076,1909f56bfc062723c751e8b465ee728b)
Start importing Assets/Baseball Bats/Assets/Materials/Mob_Baseball_Bat_07.mat using Guid(338fca8d7cbec3e4fbdae62acd48d45a) Importer(815301076,1909f56bfc062723c751e8b465ee728b)  -> (artifact id: '1162163b3c2e9858bbc6ddaf171cc997') in 0.026418 seconds 
========================================================================
Received Import Request.
  Time since last request: 0.000038 seconds.
  path: Assets/Baseball Bats/Assets/Materials/PC_Baseball_Bat_03.mat
  artifactKey: Guid(795ccf2773b68114b89678573c1ab54d) Importer(815301076,1909f56bfc062723c751e8b465ee728b)
Start importing Assets/Baseball Bats/Assets/Materials/PC_Baseball_Bat_03.mat using Guid(795ccf2773b68114b89678573c1ab54d) Importer(815301076,1909f56bfc062723c751e8b465ee728b)  -> (artifact id: '363cec06181e52a48050434e140c5297') in 0.042978 seconds 
========================================================================
Received Import Request.
  Time since last request: 0.000048 seconds.
  path: Assets/Baseball Bats/Assets/Materials/Mob_Baseball_Bat_04.mat
  artifactKey: Guid(3d7d44caab35ab64d824e043b594e5b7) Importer(815301076,1909f56bfc062723c751e8b465ee728b)
Start importing Assets/Baseball Bats/Assets/Materials/Mob_Baseball_Bat_04.mat using Guid(3d7d44caab35ab64d824e043b594e5b7) Importer(815301076,1909f56bfc062723c751e8b465ee728b)  -> (artifact id: '9b73b0f7395ec118f3cd5a65faf50c7f') in 0.022019 seconds 
========================================================================
Received Import Request.
  Time since last request: 0.000041 seconds.
  path: Assets/Baseball Bats/Assets/Materials/Mob_Baseball_Bat_08.mat
  artifactKey: Guid(7b033ef1640a4a9408f17f67bd0e6384) Importer(815301076,1909f56bfc062723c751e8b465ee728b)
Start importing Assets/Baseball Bats/Assets/Materials/Mob_Baseball_Bat_08.mat using Guid(7b033ef1640a4a9408f17f67bd0e6384) Importer(815301076,1909f56bfc062723c751e8b465ee728b)  -> (artifact id: '27b550651d8166d3f6bb1ff6aed35954') in 0.026113 seconds 
========================================================================
Received Import Request.
  Time since last request: 0.000042 seconds.
  path: Assets/Baseball Bats/Assets/Materials/Mob_Baseball_Bat_10.mat
  artifactKey: Guid(0e6266ecd34f4d8408bf57377c02a558) Importer(815301076,1909f56bfc062723c751e8b465ee728b)
Start importing Assets/Baseball Bats/Assets/Materials/Mob_Baseball_Bat_10.mat using Guid(0e6266ecd34f4d8408bf57377c02a558) Importer(815301076,1909f56bfc062723c751e8b465ee728b)  -> (artifact id: '2185ac6f2bd299345a20550db0378f50') in 0.030899 seconds 
========================================================================
Received Import Request.
  Time since last request: 0.000042 seconds.
  path: Assets/Baseball Bats/Assets/Materials/Mob_Baseball_Bat_09.mat
  artifactKey: Guid(298aa452a16bcea42bc020867828df42) Importer(815301076,1909f56bfc062723c751e8b465ee728b)
Start importing Assets/Baseball Bats/Assets/Materials/Mob_Baseball_Bat_09.mat using Guid(298aa452a16bcea42bc020867828df42) Importer(815301076,1909f56bfc062723c751e8b465ee728b)  -> (artifact id: '0a81d0ec1a1a5b297f2b1ed82e33e7d4') in 0.025487 seconds 
========================================================================
Received Import Request.
  Time since last request: 0.000032 seconds.
  path: Assets/Baseball Bats/Assets/Materials/PC_Baseball_Bat_10.mat
  artifactKey: Guid(543bf285f95354f4093cb94466b28c45) Importer(815301076,1909f56bfc062723c751e8b465ee728b)
Start importing Assets/Baseball Bats/Assets/Materials/PC_Baseball_Bat_10.mat using Guid(543bf285f95354f4093cb94466b28c45) Importer(815301076,1909f56bfc062723c751e8b465ee728b)  -> (artifact id: 'b7a1408a83b52040ab7468b614f1a8de') in 0.026448 seconds 
========================================================================
Received Import Request.
  Time since last request: 0.000052 seconds.
  path: Assets/Baseball Bats/Assets/Materials/PC_Baseball_Bat_07.mat
  artifactKey: Guid(de09fdf5640bbc740959b2eb93b3b837) Importer(815301076,1909f56bfc062723c751e8b465ee728b)
Start importing Assets/Baseball Bats/Assets/Materials/PC_Baseball_Bat_07.mat using Guid(de09fdf5640bbc740959b2eb93b3b837) Importer(815301076,1909f56bfc062723c751e8b465ee728b)  -> (artifact id: '623f95164aa925d17d22059c488827e7') in 0.029896 seconds 
========================================================================
Received Import Request.
  Time since last request: 0.000036 seconds.
  path: Assets/Baseball Bats/Assets/Materials/PC_Baseball_Bat_11.mat
  artifactKey: Guid(2b0f6b853af71784e9985f63ba6e750d) Importer(815301076,1909f56bfc062723c751e8b465ee728b)
Start importing Assets/Baseball Bats/Assets/Materials/PC_Baseball_Bat_11.mat using Guid(2b0f6b853af71784e9985f63ba6e750d) Importer(815301076,1909f56bfc062723c751e8b465ee728b)  -> (artifact id: 'fdeab46414d65dc798721e32289b5bab') in 0.027496 seconds 
========================================================================
Received Import Request.
  Time since last request: 60.744658 seconds.
  path: Assets/VRBeatsKit/Sprites/UI/SwordRenders/1.PNG
  artifactKey: Guid(1ae8db586b4bf764a86d4079b7af9edf) Importer(815301076,1909f56bfc062723c751e8b465ee728b)
Start importing Assets/VRBeatsKit/Sprites/UI/SwordRenders/1.PNG using Guid(1ae8db586b4bf764a86d4079b7af9edf) Importer(815301076,1909f56bfc062723c751e8b465ee728b)  -> (artifact id: 'c970600e6e28a440c777cf99d0811ad4') in 1.228582 seconds 
========================================================================
Received Import Request.
  Time since last request: 0.000320 seconds.
  path: Packages/com.unity.inputsystem/InputSystem/Editor/AssetEditor/Resources/personal/actionTreeBackground.png
  artifactKey: Guid(ce5f11cd993284c4f9c54f854bdc8c9c) Importer(815301076,1909f56bfc062723c751e8b465ee728b)
Start importing Packages/com.unity.inputsystem/InputSystem/Editor/AssetEditor/Resources/personal/actionTreeBackground.png using Guid(ce5f11cd993284c4f9c54f854bdc8c9c) Importer(815301076,1909f56bfc062723c751e8b465ee728b)  -> (artifact id: '846f736ea0901454d085b49ee8cf6105') in 0.106275 seconds 
========================================================================
Received Import Request.
  Time since last request: 0.000047 seconds.
  path: Packages/com.unity.inputsystem/InputSystem/Editor/AssetEditor/Resources/pro/actionTreeBackground.png
  artifactKey: Guid(c4b66e31395c54087a2fbc13ae7e0f3c) Importer(815301076,1909f56bfc062723c751e8b465ee728b)
Start importing Packages/com.unity.inputsystem/InputSystem/Editor/AssetEditor/Resources/pro/actionTreeBackground.png using Guid(c4b66e31395c54087a2fbc13ae7e0f3c) Importer(815301076,1909f56bfc062723c751e8b465ee728b)  -> (artifact id: 'acfb43ee30385c1ff8dd19ec6784c80a') in 0.025883 seconds 
========================================================================
Received Import Request.
  Time since last request: 0.000038 seconds.
  path: Packages/com.unity.inputsystem/InputSystem/Editor/AssetEditor/Resources/personal/actionTreeBackgroundWithoutBorder.png
  artifactKey: Guid(cf632ed80bf1f46c980de6b1b8b903ef) Importer(815301076,1909f56bfc062723c751e8b465ee728b)
Start importing Packages/com.unity.inputsystem/InputSystem/Editor/AssetEditor/Resources/personal/actionTreeBackgroundWithoutBorder.png using Guid(cf632ed80bf1f46c980de6b1b8b903ef) Importer(815301076,1909f56bfc062723c751e8b465ee728b)  -> (artifact id: '61fe0295cb172259401f20618115d8f2') in 0.026426 seconds 
========================================================================
Received Import Request.
  Time since last request: 3.115667 seconds.
  path: Assets/Low Poly Bed Room Furniture PBR/Demo/Demo Scene/Lightmap-0_comp_light.exr
  artifactKey: Guid(c46e5dc67ed556240b2730a82d63fedd) Importer(815301076,1909f56bfc062723c751e8b465ee728b)
Start importing Assets/Low Poly Bed Room Furniture PBR/Demo/Demo Scene/Lightmap-0_comp_light.exr using Guid(c46e5dc67ed556240b2730a82d63fedd) Importer(815301076,1909f56bfc062723c751e8b465ee728b)  -> (artifact id: 'd00d7da877f2833bf5c266407ad92a24') in 0.812244 seconds 
========================================================================
Received Import Request.
  Time since last request: 0.000093 seconds.
  path: Assets/Low Poly Bed Room Furniture PBR/Demo/Demo Scene/Lightmap-3_comp_light.exr
  artifactKey: Guid(4c391d85a7e8dd04ea83dd300863a589) Importer(815301076,1909f56bfc062723c751e8b465ee728b)
Start importing Assets/Low Poly Bed Room Furniture PBR/Demo/Demo Scene/Lightmap-3_comp_light.exr using Guid(4c391d85a7e8dd04ea83dd300863a589) Importer(815301076,1909f56bfc062723c751e8b465ee728b)  -> (artifact id: '27852179b7bdf3ae263aaff968afd8cb') in 0.069210 seconds 
========================================================================
Received Import Request.
  Time since last request: 2.288587 seconds.
  path: Packages/com.unity.inputsystem/InputSystem/Editor/Icons/Add Binding@3x.png
  artifactKey: Guid(8be1fbf4b24de44c99840805bdae9e40) Importer(815301076,1909f56bfc062723c751e8b465ee728b)
Start importing Packages/com.unity.inputsystem/InputSystem/Editor/Icons/Add Binding@3x.png using Guid(8be1fbf4b24de44c99840805bdae9e40) Importer(815301076,1909f56bfc062723c751e8b465ee728b)  -> (artifact id: '5e205e4357ce31fd2c6446f178978ee6') in 0.038782 seconds 
========================================================================
Received Import Request.
  Time since last request: 1.039058 seconds.
  path: Assets/VRBeatsKit/Models/Wall/Textures/Base.png
  artifactKey: Guid(de8a46fd16911284ba4d5f3c81d12767) Importer(815301076,1909f56bfc062723c751e8b465ee728b)
Start importing Assets/VRBeatsKit/Models/Wall/Textures/Base.png using Guid(de8a46fd16911284ba4d5f3c81d12767) Importer(815301076,1909f56bfc062723c751e8b465ee728b)  -> (artifact id: '8bea38c781dd3628460b3094ebdd3451') in 0.036683 seconds 
========================================================================
Received Import Request.
  Time since last request: 0.000085 seconds.
  path: Assets/VRBeatsKit/Models/Enviroment/Base/Textures/Cube/BaseColor.png
  artifactKey: Guid(9f20f30b4d56e4a4394bdf9d3c263d04) Importer(815301076,1909f56bfc062723c751e8b465ee728b)
Start importing Assets/VRBeatsKit/Models/Enviroment/Base/Textures/Cube/BaseColor.png using Guid(9f20f30b4d56e4a4394bdf9d3c263d04) Importer(815301076,1909f56bfc062723c751e8b465ee728b)  -> (artifact id: '03d6915d346236c2ac892209ce3b4612') in 0.031370 seconds 
========================================================================
Received Import Request.
  Time since last request: 0.000040 seconds.
  path: Assets/VRBeatsKit/Models/Enviroment/Base/Textures/Element/BaseColor.png
  artifactKey: Guid(3881ba97415e2194e8aa1fc0dd554101) Importer(815301076,1909f56bfc062723c751e8b465ee728b)
Start importing Assets/VRBeatsKit/Models/Enviroment/Base/Textures/Element/BaseColor.png using Guid(3881ba97415e2194e8aa1fc0dd554101) Importer(815301076,1909f56bfc062723c751e8b465ee728b)  -> (artifact id: '07957e085534cdd991b7b9df5e2fb4ee') in 0.043320 seconds 
========================================================================
Received Import Request.
  Time since last request: 0.000053 seconds.
  path: Assets/VRBeatsKit/Models/Mine/Textures/Base/BaseColor.png
  artifactKey: Guid(1972f0e7b78b43745a9ddf7f852dc500) Importer(815301076,1909f56bfc062723c751e8b465ee728b)
Start importing Assets/VRBeatsKit/Models/Mine/Textures/Base/BaseColor.png using Guid(1972f0e7b78b43745a9ddf7f852dc500) Importer(815301076,1909f56bfc062723c751e8b465ee728b)  -> (artifact id: '40490fbda8231895e13a4961f7da7eb6') in 0.028261 seconds 
========================================================================
Received Import Request.
  Time since last request: 0.777245 seconds.
  path: Packages/com.unity.textmeshpro/Editor Resources/Textures/btn_AlignBaseLine.psd
  artifactKey: Guid(8bc445bb79654bf496c92d0407840a92) Importer(815301076,1909f56bfc062723c751e8b465ee728b)
Start importing Packages/com.unity.textmeshpro/Editor Resources/Textures/btn_AlignBaseLine.psd using Guid(8bc445bb79654bf496c92d0407840a92) Importer(815301076,1909f56bfc062723c751e8b465ee728b)  -> (artifact id: 'afe18e7f65017e0596050d73377ee37a') in 0.742338 seconds 
========================================================================
Received Import Request.
  Time since last request: 435.043672 seconds.
  path: Assets/Baseball Bats/PC_Baseball_Bat_04.prefab
  artifactKey: Guid(8c4638f92ecc745a8bdaa0be2ac7f19b) Importer(815301076,1909f56bfc062723c751e8b465ee728b)
Start importing Assets/Baseball Bats/PC_Baseball_Bat_04.prefab using Guid(8c4638f92ecc745a8bdaa0be2ac7f19b) Importer(815301076,1909f56bfc062723c751e8b465ee728b)  -> (artifact id: '4d803df16d0490c532960b4ab72b1127') in 0.064595 seconds 
========================================================================
Received Import Request.
  Time since last request: 10.532095 seconds.
  path: Assets/Baseball Bats/MomiBat.prefab
  artifactKey: Guid(8c4638f92ecc745a8bdaa0be2ac7f19b) Importer(815301076,1909f56bfc062723c751e8b465ee728b)
Start importing Assets/Baseball Bats/MomiBat.prefab using Guid(8c4638f92ecc745a8bdaa0be2ac7f19b) Importer(815301076,1909f56bfc062723c751e8b465ee728b)  -> (artifact id: '662ff17c9b8416889514104394ad6899') in 0.045285 seconds 
========================================================================
Received Import Request.
  Time since last request: 37.864026 seconds.
  path: Assets/MomiBat.fbx
  artifactKey: Guid(07bab0d2108dd49aab5eac5a0aa09514) Importer(815301076,1909f56bfc062723c751e8b465ee728b)
Start importing Assets/MomiBat.fbx using Guid(07bab0d2108dd49aab5eac5a0aa09514) Importer(815301076,1909f56bfc062723c751e8b465ee728b)  -> (artifact id: '990670b87423d982769ab9cdffa5dc63') in 0.188885 seconds 
