Unity Editor version:    2021.3.3f1 (af2e63e8f9bd)
Branch:                  2021.3/staging
Build type:              Release
Batch mode:              YES
macOS version:           Version 12.6.2 (Build 21G320)
Darwin version:          21.6.0
Architecture:            arm64
Running under Rosetta:   NO
Available memory:        8192 MB
Using pre-set license
Pro License: YES

COMMAND LINE ARGUMENTS:
/Applications/Unity/Hub/Editor/2021.3.3f1/Unity.app/Contents/MacOS/Unity
-adb2
-batchMode
-noUpm
-name
AssetImportWorker0
-projectPath
/Users/zfang23/Documents/GitHub/ProjectMagical_1/ProjectMagical
-logFile
Logs/AssetImportWorker0.log
-srvPort
60602
Successfully changed project path to: /Users/zfang23/Documents/GitHub/ProjectMagical_1/ProjectMagical
/Users/zfang23/Documents/GitHub/ProjectMagical_1/ProjectMagical
[UnityMemory] Configuration Parameters - Can be set up in boot.config
    "memorysetup-bucket-allocator-granularity=16"
    "memorysetup-bucket-allocator-bucket-count=8"
    "memorysetup-bucket-allocator-block-size=33554432"
    "memorysetup-bucket-allocator-block-count=8"
    "memorysetup-main-allocator-block-size=16777216"
    "memorysetup-thread-allocator-block-size=16777216"
    "memorysetup-gfx-main-allocator-block-size=16777216"
    "memorysetup-gfx-thread-allocator-block-size=16777216"
    "memorysetup-cache-allocator-block-size=4194304"
    "memorysetup-typetree-allocator-block-size=2097152"
    "memorysetup-profiler-bucket-allocator-granularity=16"
    "memorysetup-profiler-bucket-allocator-bucket-count=8"
    "memorysetup-profiler-bucket-allocator-block-size=33554432"
    "memorysetup-profiler-bucket-allocator-block-count=8"
    "memorysetup-profiler-allocator-block-size=16777216"
    "memorysetup-profiler-editor-allocator-block-size=1048576"
    "memorysetup-temp-allocator-size-main=16777216"
    "memorysetup-job-temp-allocator-block-size=2097152"
    "memorysetup-job-temp-allocator-block-size-background=1048576"
    "memorysetup-job-temp-allocator-reduction-small-platforms=262144"
    "memorysetup-temp-allocator-size-background-worker=32768"
    "memorysetup-temp-allocator-size-job-worker=262144"
    "memorysetup-temp-allocator-size-preload-manager=33554432"
    "memorysetup-temp-allocator-size-nav-mesh-worker=65536"
    "memorysetup-temp-allocator-size-audio-worker=65536"
    "memorysetup-temp-allocator-size-cloud-worker=32768"
    "memorysetup-temp-allocator-size-gi-baking-worker=262144"
    "memorysetup-temp-allocator-size-gfx=262144"
Refreshing native plugins compatible for Editor in 156.73 ms, found 4 plugins.
Preloading 1 native plugins for Editor in 6.79 ms.
Initialize engine version: 2021.3.3f1 (af2e63e8f9bd)
[Subsystems] Discovering subsystems at path /Applications/Unity/Hub/Editor/2021.3.3f1/Unity.app/Contents/Resources/UnitySubsystems
[Subsystems] Discovering subsystems at path /Users/zfang23/Documents/GitHub/ProjectMagical_1/ProjectMagical/Assets
GfxDevice: creating device client; threaded=0; jobified=0
 preferred device: Apple M1 (high power)
Metal devices available: 1
0: Apple M1 (high power)
Using device Apple M1 (high power)
Initializing Metal device caps: Apple M1
Initialize mono
Mono path[0] = '/Applications/Unity/Hub/Editor/2021.3.3f1/Unity.app/Contents/Managed'
Mono path[1] = '/Applications/Unity/Hub/Editor/2021.3.3f1/Unity.app/Contents/MonoBleedingEdge/lib/mono/unityjit-macos'
Mono config path = '/Applications/Unity/Hub/Editor/2021.3.3f1/Unity.app/Contents/MonoBleedingEdge/etc'
Using monoOptions --debugger-agent=transport=dt_socket,embedding=1,server=y,suspend=n,address=127.0.0.1:56329
Begin MonoManager ReloadAssembly
Registering precompiled unity dll's ...
Register platform support module: /Applications/Unity/Hub/Editor/2021.3.3f1/Unity.app/Contents/PlaybackEngines/MacStandaloneSupport/UnityEditor.OSXStandalone.Extensions.dll
Register platform support module: /Applications/Unity/Hub/Editor/2021.3.3f1/PlaybackEngines/AndroidPlayer/UnityEditor.Android.Extensions.dll
Register platform support module: /Applications/Unity/Hub/Editor/2021.3.3f1/PlaybackEngines/iOSSupport/UnityEditor.iOS.Extensions.dll
Registered in 0.003673 seconds.
[usbmuxd] Start listen thread
[usbmuxd] Listen thread started
[usbmuxd] Send listen message
Native extension for iOS target not found
Native extension for Android target not found
Native extension for OSXStandalone target not found
Refreshing native plugins compatible for Editor in 111.09 ms, found 4 plugins.
Preloading 1 native plugins for Editor in 2.02 ms.
Mono: successfully reloaded assembly
- Completed reload, in  0.606 seconds
Domain Reload Profiling:
	ReloadAssembly (606ms)
		BeginReloadAssembly (138ms)
			ExecutionOrderSort (0ms)
			DisableScriptedObjects (0ms)
			BackupInstance (0ms)
			ReleaseScriptingObjects (0ms)
			CreateAndSetChildDomain (0ms)
		EndReloadAssembly (395ms)
			LoadAssemblies (142ms)
			RebuildTransferFunctionScriptingTraits (0ms)
			SetupTypeCache (84ms)
			ReleaseScriptCaches (0ms)
			RebuildScriptCaches (18ms)
			SetupLoadedEditorAssemblies (261ms)
				LogAssemblyErrors (0ms)
				InitializePlatformSupportModulesInManaged (77ms)
				SetLoadedEditorAssemblies (0ms)
				RefreshPlugins (113ms)
				BeforeProcessingInitializeOnLoad (1ms)
				ProcessInitializeOnLoadAttributes (43ms)
				ProcessInitializeOnLoadMethodAttributes (27ms)
				AfterProcessingInitializeOnLoad (0ms)
				EditorAssembliesLoaded (0ms)
			ExecutionOrderSort2 (0ms)
			AwakeInstancesAfterBackupRestoration (0ms)
Platform modules already initialized, skipping
Registering precompiled user dll's ...
Registered in 0.033451 seconds.
Begin MonoManager ReloadAssembly
Symbol file LoadedFromMemory doesn't match image /Users/zfang23/Documents/GitHub/ProjectMagical_1/ProjectMagical/Library/PackageCache/com.unity.visualscripting@1.7.6/Editor/VisualScripting.Core/Dependencies/YamlDotNet/Unity.VisualScripting.YamlDotNet.dll
Symbol file LoadedFromMemory doesn't match image /Users/zfang23/Documents/GitHub/ProjectMagical_1/ProjectMagical/Library/PackageCache/com.unity.visualscripting@1.7.6/Editor/VisualScripting.Core/Dependencies/DotNetZip/Unity.VisualScripting.IonicZip.dll
Native extension for iOS target not found
Native extension for Android target not found
Native extension for OSXStandalone target not found
Refreshing native plugins compatible for Editor in 116.27 ms, found 4 plugins.
Preloading 1 native plugins for Editor in 2.11 ms.
Package Manager log level set to [2]
Mono: successfully reloaded assembly
- Completed reload, in  1.806 seconds
Domain Reload Profiling:
	ReloadAssembly (1807ms)
		BeginReloadAssembly (277ms)
			ExecutionOrderSort (0ms)
			DisableScriptedObjects (3ms)
			BackupInstance (0ms)
			ReleaseScriptingObjects (0ms)
			CreateAndSetChildDomain (124ms)
		EndReloadAssembly (1450ms)
			LoadAssemblies (271ms)
			RebuildTransferFunctionScriptingTraits (0ms)
			SetupTypeCache (221ms)
			ReleaseScriptCaches (5ms)
			RebuildScriptCaches (61ms)
			SetupLoadedEditorAssemblies (961ms)
				LogAssemblyErrors (0ms)
				InitializePlatformSupportModulesInManaged (32ms)
				SetLoadedEditorAssemblies (0ms)
				RefreshPlugins (118ms)
				BeforeProcessingInitializeOnLoad (94ms)
				ProcessInitializeOnLoadAttributes (684ms)
				ProcessInitializeOnLoadMethodAttributes (32ms)
				AfterProcessingInitializeOnLoad (1ms)
				EditorAssembliesLoaded (0ms)
			ExecutionOrderSort2 (0ms)
			AwakeInstancesAfterBackupRestoration (2ms)
Platform modules already initialized, skipping
========================================================================
Worker process is ready to serve import requests
Launching external process: /Applications/Unity/Hub/Editor/2021.3.3f1/Unity.app/Contents/Tools/UnityShaderCompiler
Launched and connected shader compiler UnityShaderCompiler after 0.27 seconds
Refreshing native plugins compatible for Editor in 0.77 ms, found 4 plugins.
Preloading 1 native plugins for Editor in 0.53 ms.
Unloading 6548 Unused Serialized files (Serialized files now loaded: 0)
Unloading 206 unused Assets / (1.9 MB). Loaded Objects now: 6979.
Memory consumption went from 406.7 MB to 404.8 MB.
Total: 4.330542 ms (FindLiveObjects: 0.425250 ms CreateObjectMapping: 0.084250 ms MarkObjects: 3.263250 ms  DeleteObjects: 0.556708 ms)

AssetImportParameters requested are different than current active one (requested -> active):
  custom:video-decoder-ogg-theora: a1e56fd34408186e4bbccfd4996cb3dc -> 
  custom:container-muxer-webm: aa71ff27fc2769a1b78a27578f13a17b -> 
  custom:container-demuxer-webm: 4f35f7cbe854078d1ac9338744f61a02 -> 
  custom:video-encoder-webm-vp8: eb34c28f22e8b96e1ab97ce403110664 -> 
  custom:framework-osx-AVFoundation: e770b220cccbd017edd2c1fefb359320 -> 
  custom:audio-encoder-webm-vorbis: bf7c407c2cedff20999df2af8eb42d56 -> 
  custom:container-demuxer-ogg: 62fdf1f143b41e24485cea50d1cbac27 -> 
  custom:video-decoder-webm-vp8: 9c59270c3fd7afecdb556c50c9e8de78 -> 
  custom:audio-decoder-ogg-vorbis: bf7c407c2cedff20999df2af8eb42d56 -> 
========================================================================
Received Import Request.
  Time since last request: 55862.125337 seconds.
  path: Assets/Scenes/Tutorial_InBus.unity
  artifactKey: Guid(ea582356ecca7486fa6ca8d8e4547b1f) Importer(815301076,1909f56bfc062723c751e8b465ee728b)
Start importing Assets/Scenes/Tutorial_InBus.unity using Guid(ea582356ecca7486fa6ca8d8e4547b1f) Importer(815301076,1909f56bfc062723c751e8b465ee728b)  -> (artifact id: 'e016aadd52d219a1f327733bf70d118c') in 0.013498 seconds 
========================================================================
Received Import Request.
  Time since last request: 20.887132 seconds.
  path: Assets/Scenes/Tutorial_P2.unity
  artifactKey: Guid(482d6fb5dcdf0446d83b91705d4d1ecf) Importer(815301076,1909f56bfc062723c751e8b465ee728b)
Start importing Assets/Scenes/Tutorial_P2.unity using Guid(482d6fb5dcdf0446d83b91705d4d1ecf) Importer(815301076,1909f56bfc062723c751e8b465ee728b)  -> (artifact id: '39d997c213886c0f63a22385867095b2') in 0.013323 seconds 
========================================================================
Received Import Request.
  Time since last request: 328.302846 seconds.
  path: Assets/Samples/UltimateXR/0.9.6/Full Scene/Art/Environment/Modules/ShootingRangeModules/RangeEndGeo.fbx
  artifactKey: Guid(7d40beae88f0a42428b2582718e43f7b) Importer(815301076,1909f56bfc062723c751e8b465ee728b)
Start importing Assets/Samples/UltimateXR/0.9.6/Full Scene/Art/Environment/Modules/ShootingRangeModules/RangeEndGeo.fbx using Guid(7d40beae88f0a42428b2582718e43f7b) Importer(815301076,1909f56bfc062723c751e8b465ee728b)  -> (artifact id: '86e24e0f3544c4fb6a0fa5bfa1e5cea1') in 1.398624 seconds 
========================================================================
Received Import Request.
  Time since last request: 0.000068 seconds.
  path: Assets/Samples/UltimateXR/0.9.6/Full Scene/Art/Environment/Modules/ShootingRangeModules/WallRangeGeo.fbx
  artifactKey: Guid(5151c73a11ccb2e4895754b6babcae2c) Importer(815301076,1909f56bfc062723c751e8b465ee728b)
Start importing Assets/Samples/UltimateXR/0.9.6/Full Scene/Art/Environment/Modules/ShootingRangeModules/WallRangeGeo.fbx using Guid(5151c73a11ccb2e4895754b6babcae2c) Importer(815301076,1909f56bfc062723c751e8b465ee728b)  -> (artifact id: '25386283cf6c8f1da601dbb4e6b8b6ec') in 0.143769 seconds 
========================================================================
Received Import Request.
  Time since last request: 0.000081 seconds.
  path: Assets/Samples/UltimateXR/0.9.6/Full Scene/Art/Environment/Modules/ShootingRangeModules/RangeEndGeoOriginal.fbx
  artifactKey: Guid(c011b4afc6c6c7b43a681c82471a30ca) Importer(815301076,1909f56bfc062723c751e8b465ee728b)
Start importing Assets/Samples/UltimateXR/0.9.6/Full Scene/Art/Environment/Modules/ShootingRangeModules/RangeEndGeoOriginal.fbx using Guid(c011b4afc6c6c7b43a681c82471a30ca) Importer(815301076,1909f56bfc062723c751e8b465ee728b)  -> (artifact id: '462482f3f432984a18e29df70b7922c5') in 0.181560 seconds 
========================================================================
Received Import Request.
  Time since last request: 0.000061 seconds.
  path: Assets/Samples/UltimateXR/0.9.6/Full Scene/Art/Environment/Modules/ShootingRangeModules/WallRangeCeilingRGeo.fbx
  artifactKey: Guid(86b2be485f5c3c941ad2121af3aeabeb) Importer(815301076,1909f56bfc062723c751e8b465ee728b)
Start importing Assets/Samples/UltimateXR/0.9.6/Full Scene/Art/Environment/Modules/ShootingRangeModules/WallRangeCeilingRGeo.fbx using Guid(86b2be485f5c3c941ad2121af3aeabeb) Importer(815301076,1909f56bfc062723c751e8b465ee728b)  -> (artifact id: '55e15fdcaf0183ab8f26f15ef45c36c0') in 0.496312 seconds 
========================================================================
Received Import Request.
  Time since last request: 0.000061 seconds.
  path: Assets/Samples/UltimateXR/0.9.6/Full Scene/Art/Interactive/Weapons/Machinegun/MachinegunGeo.FBX
  artifactKey: Guid(5a3b833138e92b04f9eccb91af8a5282) Importer(815301076,1909f56bfc062723c751e8b465ee728b)
Start importing Assets/Samples/UltimateXR/0.9.6/Full Scene/Art/Interactive/Weapons/Machinegun/MachinegunGeo.FBX using Guid(5a3b833138e92b04f9eccb91af8a5282) Importer(815301076,1909f56bfc062723c751e8b465ee728b)  -> (artifact id: '2a6b03ea9c123d16f05f07305d6e6b63') in 0.215905 seconds 
========================================================================
Received Import Request.
  Time since last request: 0.857413 seconds.
  path: Assets/Samples/UltimateXR/0.9.6/Full Scene/Art/Environment/Props/TableRange/TableRangeGeo.fbx
  artifactKey: Guid(1c63f407a0bde744fa9b9ad8eead9123) Importer(815301076,1909f56bfc062723c751e8b465ee728b)
Start importing Assets/Samples/UltimateXR/0.9.6/Full Scene/Art/Environment/Props/TableRange/TableRangeGeo.fbx using Guid(1c63f407a0bde744fa9b9ad8eead9123) Importer(815301076,1909f56bfc062723c751e8b465ee728b)  -> (artifact id: '4815ad5fc40b954e1546ff0812189270') in 0.199482 seconds 
========================================================================
Received Import Request.
  Time since last request: 0.000042 seconds.
  path: Assets/Samples/UltimateXR/0.9.6/Full Scene/Art/Environment/Modules/PanelsRooms/PanelTopPlanarCornerGeo.fbx
  artifactKey: Guid(a45c9ca391f80444ab2774a74a3386c1) Importer(815301076,1909f56bfc062723c751e8b465ee728b)
Start importing Assets/Samples/UltimateXR/0.9.6/Full Scene/Art/Environment/Modules/PanelsRooms/PanelTopPlanarCornerGeo.fbx using Guid(a45c9ca391f80444ab2774a74a3386c1) Importer(815301076,1909f56bfc062723c751e8b465ee728b)  -> (artifact id: '32189e37d0091f1e9b59b2376e3d8728') in 0.100703 seconds 
========================================================================
Received Import Request.
  Time since last request: 0.000057 seconds.
  path: Assets/Samples/UltimateXR/0.9.6/Full Scene/Art/Environment/Modules/PanelsRooms/PanelTopBannerHalfGeo.fbx
  artifactKey: Guid(21ab4ce67ee9d19429525d409861de3a) Importer(815301076,1909f56bfc062723c751e8b465ee728b)
Start importing Assets/Samples/UltimateXR/0.9.6/Full Scene/Art/Environment/Modules/PanelsRooms/PanelTopBannerHalfGeo.fbx using Guid(21ab4ce67ee9d19429525d409861de3a) Importer(815301076,1909f56bfc062723c751e8b465ee728b)  -> (artifact id: '91b8cffcb3e325ffcb7e26cc62c3d836') in 0.063167 seconds 
========================================================================
Received Import Request.
  Time since last request: 0.000079 seconds.
  path: Assets/Samples/UltimateXR/0.9.6/Full Scene/Art/Environment/Modules/PanelsRooms/PanelTopPlanarHalfGeo.fbx
  artifactKey: Guid(ec97977701eb0f94ab7f150f0bfcfef1) Importer(815301076,1909f56bfc062723c751e8b465ee728b)
Start importing Assets/Samples/UltimateXR/0.9.6/Full Scene/Art/Environment/Modules/PanelsRooms/PanelTopPlanarHalfGeo.fbx using Guid(ec97977701eb0f94ab7f150f0bfcfef1) Importer(815301076,1909f56bfc062723c751e8b465ee728b)  -> (artifact id: 'acb37e666412d6cb7723c70a16c98f1a') in 0.045077 seconds 
========================================================================
Received Import Request.
  Time since last request: 0.000047 seconds.
  path: Assets/Samples/UltimateXR/0.9.6/Full Scene/Art/Environment/Modules/PanelsRooms/PanelTopPlanarGeo.fbx
  artifactKey: Guid(8c144f782450ac049993e0b4755667b7) Importer(815301076,1909f56bfc062723c751e8b465ee728b)
Start importing Assets/Samples/UltimateXR/0.9.6/Full Scene/Art/Environment/Modules/PanelsRooms/PanelTopPlanarGeo.fbx using Guid(8c144f782450ac049993e0b4755667b7) Importer(815301076,1909f56bfc062723c751e8b465ee728b)  -> (artifact id: 'c49857935531323d0d25a50d0e4b4814') in 0.059835 seconds 
========================================================================
Received Import Request.
  Time since last request: 0.000048 seconds.
  path: Assets/Samples/UltimateXR/0.9.6/Full Scene/Art/Environment/Lights/ShadowCasterGeo.fbx
  artifactKey: Guid(03116ace0f9e67341ab0251410e35041) Importer(815301076,1909f56bfc062723c751e8b465ee728b)
Start importing Assets/Samples/UltimateXR/0.9.6/Full Scene/Art/Environment/Lights/ShadowCasterGeo.fbx using Guid(03116ace0f9e67341ab0251410e35041) Importer(815301076,1909f56bfc062723c751e8b465ee728b)  -> (artifact id: 'f9a8a9cfbed337c2734c86d21b4ce7e0') in 0.039654 seconds 
========================================================================
Received Import Request.
  Time since last request: 0.000055 seconds.
  path: Assets/Samples/UltimateXR/0.9.6/Full Scene/Art/Interactive/Weapons/Grenade/GrenadeGeo.FBX
  artifactKey: Guid(602629fc5fefd0040b5c9ca673a704a3) Importer(815301076,1909f56bfc062723c751e8b465ee728b)
Start importing Assets/Samples/UltimateXR/0.9.6/Full Scene/Art/Interactive/Weapons/Grenade/GrenadeGeo.FBX using Guid(602629fc5fefd0040b5c9ca673a704a3) Importer(815301076,1909f56bfc062723c751e8b465ee728b)  -> (artifact id: '188606abeca0c55fde73b7fb5b05db79') in 0.147147 seconds 
========================================================================
Received Import Request.
  Time since last request: 0.000039 seconds.
  path: Assets/Samples/UltimateXR/0.9.6/Full Scene/Art/Environment/Modules/PanelsRooms/PanelTopBannerCornerGeo.fbx
  artifactKey: Guid(d8fb9db216189da44a35b0215fc731e5) Importer(815301076,1909f56bfc062723c751e8b465ee728b)
Start importing Assets/Samples/UltimateXR/0.9.6/Full Scene/Art/Environment/Modules/PanelsRooms/PanelTopBannerCornerGeo.fbx using Guid(d8fb9db216189da44a35b0215fc731e5) Importer(815301076,1909f56bfc062723c751e8b465ee728b)  -> (artifact id: '423befce7164a15fb420b35fe6aa1191') in 0.056643 seconds 
========================================================================
Received Import Request.
  Time since last request: 0.000047 seconds.
  path: Assets/Samples/UltimateXR/0.9.6/Full Scene/Art/Environment/Modules/PanelsRooms/PanelTopBannerGeo.fbx
  artifactKey: Guid(8d58f0ba7b934eb4c83e655261f57e6e) Importer(815301076,1909f56bfc062723c751e8b465ee728b)
Start importing Assets/Samples/UltimateXR/0.9.6/Full Scene/Art/Environment/Modules/PanelsRooms/PanelTopBannerGeo.fbx using Guid(8d58f0ba7b934eb4c83e655261f57e6e) Importer(815301076,1909f56bfc062723c751e8b465ee728b)  -> (artifact id: '25494a1a5fad6617c8b13bc4b0fd72a2') in 0.047199 seconds 
========================================================================
Received Import Request.
  Time since last request: 0.000045 seconds.
  path: Assets/Samples/UltimateXR/0.9.6/Full Scene/Art/Interactive/Weapons/Gun/GunGeo.FBX
  artifactKey: Guid(2b8d28dfbefed5b489fb7b4e3e50e286) Importer(815301076,1909f56bfc062723c751e8b465ee728b)
Start importing Assets/Samples/UltimateXR/0.9.6/Full Scene/Art/Interactive/Weapons/Gun/GunGeo.FBX using Guid(2b8d28dfbefed5b489fb7b4e3e50e286) Importer(815301076,1909f56bfc062723c751e8b465ee728b)  -> (artifact id: '97927505964376b800a559419ab5cfd5') in 0.142099 seconds 
========================================================================
Received Import Request.
  Time since last request: 0.000051 seconds.
  path: Assets/Samples/UltimateXR/0.9.6/Full Scene/Art/Environment/Modules/PanelsRooms/PanelBotHalfVentGeo.fbx
  artifactKey: Guid(c7135f7bdc3caca45a37e2f141743c12) Importer(815301076,1909f56bfc062723c751e8b465ee728b)
Start importing Assets/Samples/UltimateXR/0.9.6/Full Scene/Art/Environment/Modules/PanelsRooms/PanelBotHalfVentGeo.fbx using Guid(c7135f7bdc3caca45a37e2f141743c12) Importer(815301076,1909f56bfc062723c751e8b465ee728b)  -> (artifact id: 'f13928874aec1ddc0d8e03abc5522723') in 0.042777 seconds 
========================================================================
Received Import Request.
  Time since last request: 0.000043 seconds.
  path: Assets/Samples/UltimateXR/0.9.6/Full Scene/Art/Interactive/Weapons/Mags/MagMachinegunGeo.FBX
  artifactKey: Guid(b6d2a11f37b15d04c97ea679487ca5cd) Importer(815301076,1909f56bfc062723c751e8b465ee728b)
Start importing Assets/Samples/UltimateXR/0.9.6/Full Scene/Art/Interactive/Weapons/Mags/MagMachinegunGeo.FBX using Guid(b6d2a11f37b15d04c97ea679487ca5cd) Importer(815301076,1909f56bfc062723c751e8b465ee728b)  -> (artifact id: '537086f69df11a197a90bf339669ba79') in 0.169402 seconds 
========================================================================
Received Import Request.
  Time since last request: 0.000048 seconds.
  path: Assets/Samples/UltimateXR/0.9.6/Full Scene/Art/Interactive/Lab/Lamp/LabLightCollider.fbx
  artifactKey: Guid(2d3b98f060dc3344cb9ff4d8aa7d2812) Importer(815301076,1909f56bfc062723c751e8b465ee728b)
Start importing Assets/Samples/UltimateXR/0.9.6/Full Scene/Art/Interactive/Lab/Lamp/LabLightCollider.fbx using Guid(2d3b98f060dc3344cb9ff4d8aa7d2812) Importer(815301076,1909f56bfc062723c751e8b465ee728b)  -> (artifact id: 'aa38d09bf312b32085d1eb30d2055529') in 0.105164 seconds 
========================================================================
Received Import Request.
  Time since last request: 0.000061 seconds.
  path: Assets/Samples/UltimateXR/0.9.6/Full Scene/Art/Environment/Modules/PanelsRooms/PanelBotGeo.fbx
  artifactKey: Guid(ecbd776727e6df741accb1bac28a49c8) Importer(815301076,1909f56bfc062723c751e8b465ee728b)
Start importing Assets/Samples/UltimateXR/0.9.6/Full Scene/Art/Environment/Modules/PanelsRooms/PanelBotGeo.fbx using Guid(ecbd776727e6df741accb1bac28a49c8) Importer(815301076,1909f56bfc062723c751e8b465ee728b)  -> (artifact id: 'accac32e8da43379424e906b829ab19d') in 0.044975 seconds 
========================================================================
Received Import Request.
  Time since last request: 0.000080 seconds.
  path: Assets/Samples/UltimateXR/0.9.6/Full Scene/Art/Environment/Decals/LaserDecalGeo.FBX
  artifactKey: Guid(42981aac14889af4f8f8ef15d9451fb3) Importer(815301076,1909f56bfc062723c751e8b465ee728b)
Start importing Assets/Samples/UltimateXR/0.9.6/Full Scene/Art/Environment/Decals/LaserDecalGeo.FBX using Guid(42981aac14889af4f8f8ef15d9451fb3) Importer(815301076,1909f56bfc062723c751e8b465ee728b)  -> (artifact id: '47d5ef77b7ec4f5050ad8c4abaddd92a') in 0.058465 seconds 
========================================================================
Received Import Request.
  Time since last request: 0.000060 seconds.
  path: Assets/Samples/UltimateXR/0.9.6/Full Scene/Art/Interactive/Console/ConsoleGeo.fbx
  artifactKey: Guid(9c795646fcd01a44b84343dd7ed9a943) Importer(815301076,1909f56bfc062723c751e8b465ee728b)
Start importing Assets/Samples/UltimateXR/0.9.6/Full Scene/Art/Interactive/Console/ConsoleGeo.fbx using Guid(9c795646fcd01a44b84343dd7ed9a943) Importer(815301076,1909f56bfc062723c751e8b465ee728b)  -> (artifact id: '2469c417f975d085ca9d8fcf68916dcb') in 0.855388 seconds 
========================================================================
Received Import Request.
  Time since last request: 0.000064 seconds.
  path: Assets/Samples/UltimateXR/0.9.6/Full Scene/Art/Environment/Decals/Signage/DecalDirectionalB/DecalDirectionalGeo.fbx
  artifactKey: Guid(ac8ae8d1d1e4215468a85da80a511b36) Importer(815301076,1909f56bfc062723c751e8b465ee728b)
Start importing Assets/Samples/UltimateXR/0.9.6/Full Scene/Art/Environment/Decals/Signage/DecalDirectionalB/DecalDirectionalGeo.fbx using Guid(ac8ae8d1d1e4215468a85da80a511b36) Importer(815301076,1909f56bfc062723c751e8b465ee728b)  -> (artifact id: '8ac21d0044b9f3d54d3955dceb46a10b') in 0.809897 seconds 
========================================================================
Received Import Request.
  Time since last request: 0.000053 seconds.
  path: Assets/Samples/UltimateXR/0.9.6/Full Scene/Art/Environment/Modules/FloorBaseRooms/FloorBaseRoomDoorsGeo.fbx
  artifactKey: Guid(23860c1757a60804685d37eed9849403) Importer(815301076,1909f56bfc062723c751e8b465ee728b)
Start importing Assets/Samples/UltimateXR/0.9.6/Full Scene/Art/Environment/Modules/FloorBaseRooms/FloorBaseRoomDoorsGeo.fbx using Guid(23860c1757a60804685d37eed9849403) Importer(815301076,1909f56bfc062723c751e8b465ee728b)  -> (artifact id: '5f31733090651425d2b36f174dc04412') in 0.059920 seconds 
========================================================================
Received Import Request.
  Time since last request: 0.000045 seconds.
  path: Assets/Samples/UltimateXR/0.9.6/Full Scene/Art/Environment/Modules/Doors/DoorGeoRWindows.fbx
  artifactKey: Guid(0e9f4fac3f57b7d49a018d011dec5fac) Importer(815301076,1909f56bfc062723c751e8b465ee728b)
Start importing Assets/Samples/UltimateXR/0.9.6/Full Scene/Art/Environment/Modules/Doors/DoorGeoRWindows.fbx using Guid(0e9f4fac3f57b7d49a018d011dec5fac) Importer(815301076,1909f56bfc062723c751e8b465ee728b)  -> (artifact id: '6074e82f4c14c432357a6e2a188a254d') in 0.092927 seconds 
========================================================================
Received Import Request.
  Time since last request: 0.000046 seconds.
  path: Assets/Samples/UltimateXR/0.9.6/Full Scene/Art/Environment/Modules/FloorModules/FloorBorderBGeo.fbx
  artifactKey: Guid(a94c7c4df5522704485699ba7ac88563) Importer(815301076,1909f56bfc062723c751e8b465ee728b)
Start importing Assets/Samples/UltimateXR/0.9.6/Full Scene/Art/Environment/Modules/FloorModules/FloorBorderBGeo.fbx using Guid(a94c7c4df5522704485699ba7ac88563) Importer(815301076,1909f56bfc062723c751e8b465ee728b)  -> (artifact id: 'f6ac17d4e7810882e78e6de3e7aa9011') in 0.049760 seconds 
========================================================================
Received Import Request.
  Time since last request: 0.000040 seconds.
  path: Assets/Samples/UltimateXR/0.9.6/Full Scene/Art/Environment/Modules/FloorBaseRooms/FloorBaseRoomLaboratoryGeo.fbx
  artifactKey: Guid(d41308de9669b17439e068d6e85c2128) Importer(815301076,1909f56bfc062723c751e8b465ee728b)
Start importing Assets/Samples/UltimateXR/0.9.6/Full Scene/Art/Environment/Modules/FloorBaseRooms/FloorBaseRoomLaboratoryGeo.fbx using Guid(d41308de9669b17439e068d6e85c2128) Importer(815301076,1909f56bfc062723c751e8b465ee728b)  -> (artifact id: '2676cc0a4ed10d4b8e02305036e7dce1') in 0.068568 seconds 
========================================================================
Received Import Request.
  Time since last request: 0.000060 seconds.
  path: Assets/Samples/UltimateXR/0.9.6/Full Scene/Art/Environment/Modules/CeilingRooms/CeilingBorderBGeo.fbx
  artifactKey: Guid(5bad03ae28761654eb660496096c31bf) Importer(815301076,1909f56bfc062723c751e8b465ee728b)
Start importing Assets/Samples/UltimateXR/0.9.6/Full Scene/Art/Environment/Modules/CeilingRooms/CeilingBorderBGeo.fbx using Guid(5bad03ae28761654eb660496096c31bf) Importer(815301076,1909f56bfc062723c751e8b465ee728b)  -> (artifact id: '24b170aa5e9abcd0cc30cdce70af7cb0') in 0.035220 seconds 
========================================================================
Received Import Request.
  Time since last request: 0.000085 seconds.
  path: Assets/Samples/UltimateXR/0.9.6/Full Scene/Art/Interactive/Weapons/Mags/MagShotgunGeo.FBX
  artifactKey: Guid(54f6dc5d8ad6ef743993454edd6423f1) Importer(815301076,1909f56bfc062723c751e8b465ee728b)
Start importing Assets/Samples/UltimateXR/0.9.6/Full Scene/Art/Interactive/Weapons/Mags/MagShotgunGeo.FBX using Guid(54f6dc5d8ad6ef743993454edd6423f1) Importer(815301076,1909f56bfc062723c751e8b465ee728b)  -> (artifact id: 'ca505f74877c3e9534eb66c787e8b81b') in 0.070686 seconds 
========================================================================
Received Import Request.
  Time since last request: 0.000053 seconds.
  path: Assets/Samples/UltimateXR/0.9.6/Full Scene/Art/Interactive/Lab/Battery/LabBatteryGeo.fbx
  artifactKey: Guid(c6e6c925cfb3d08428d1f2d17cd72983) Importer(815301076,1909f56bfc062723c751e8b465ee728b)
Start importing Assets/Samples/UltimateXR/0.9.6/Full Scene/Art/Interactive/Lab/Battery/LabBatteryGeo.fbx using Guid(c6e6c925cfb3d08428d1f2d17cd72983) Importer(815301076,1909f56bfc062723c751e8b465ee728b)  -> (artifact id: 'd45bffe5ac07dc7ea34786f6e91a9eb7') in 0.095945 seconds 
========================================================================
Received Import Request.
  Time since last request: 0.000061 seconds.
  path: Assets/Samples/UltimateXR/0.9.6/Full Scene/Art/Environment/Modules/Backgrounds/ControllersRoomBackground.fbx
  artifactKey: Guid(ceaeb4aa7f6fab6408d68ecbefd24dfd) Importer(815301076,1909f56bfc062723c751e8b465ee728b)
Start importing Assets/Samples/UltimateXR/0.9.6/Full Scene/Art/Environment/Modules/Backgrounds/ControllersRoomBackground.fbx using Guid(ceaeb4aa7f6fab6408d68ecbefd24dfd) Importer(815301076,1909f56bfc062723c751e8b465ee728b)  -> (artifact id: '376d1f5d895f7f5bfdf7f546124add99') in 0.029800 seconds 
========================================================================
Received Import Request.
  Time since last request: 0.000050 seconds.
  path: Assets/Samples/UltimateXR/0.9.6/Full Scene/Art/Interactive/Lab/Table/LabTableGeo.fbx
  artifactKey: Guid(6350dc1c52a96534dba4c362b6e2ecab) Importer(815301076,1909f56bfc062723c751e8b465ee728b)
Start importing Assets/Samples/UltimateXR/0.9.6/Full Scene/Art/Interactive/Lab/Table/LabTableGeo.fbx using Guid(6350dc1c52a96534dba4c362b6e2ecab) Importer(815301076,1909f56bfc062723c751e8b465ee728b)  -> (artifact id: '54361f2bcf35ed266054a045cfcc9ad5') in 0.116538 seconds 
========================================================================
Received Import Request.
  Time since last request: 0.000049 seconds.
  path: Assets/Samples/UltimateXR/0.9.6/Full Scene/Art/Interactive/Lab/Laser/LabLaserGeo.fbx
  artifactKey: Guid(ed5c9c148b959c74eb7ebb275e775ee2) Importer(815301076,1909f56bfc062723c751e8b465ee728b)
Start importing Assets/Samples/UltimateXR/0.9.6/Full Scene/Art/Interactive/Lab/Laser/LabLaserGeo.fbx using Guid(ed5c9c148b959c74eb7ebb275e775ee2) Importer(815301076,1909f56bfc062723c751e8b465ee728b)  -> (artifact id: '2630a63d8ec546acf4a4de3e884f15ce') in 0.413998 seconds 
========================================================================
Received Import Request.
  Time since last request: 0.000052 seconds.
  path: Assets/Samples/UltimateXR/0.9.6/Full Scene/Art/Environment/Modules/CeilingRooms/CeilingBorderAGeo.fbx
  artifactKey: Guid(dbc7425841e200f47a5ccec67c56e6f7) Importer(815301076,1909f56bfc062723c751e8b465ee728b)
Start importing Assets/Samples/UltimateXR/0.9.6/Full Scene/Art/Environment/Modules/CeilingRooms/CeilingBorderAGeo.fbx using Guid(dbc7425841e200f47a5ccec67c56e6f7) Importer(815301076,1909f56bfc062723c751e8b465ee728b)  -> (artifact id: '9bd882ab682ed04a8a4bd97d9a098175') in 0.038818 seconds 
========================================================================
Received Import Request.
  Time since last request: 0.000045 seconds.
  path: Assets/Samples/UltimateXR/0.9.6/Full Scene/Art/Interactive/Weapons/Shotgun/FX/ShotgunProjectileGeo.FBX
  artifactKey: Guid(b08744df20b795c488e9e3d05713089d) Importer(815301076,1909f56bfc062723c751e8b465ee728b)
Start importing Assets/Samples/UltimateXR/0.9.6/Full Scene/Art/Interactive/Weapons/Shotgun/FX/ShotgunProjectileGeo.FBX using Guid(b08744df20b795c488e9e3d05713089d) Importer(815301076,1909f56bfc062723c751e8b465ee728b)  -> (artifact id: '6234023d31b39295d95a842ca583b697') in 0.049411 seconds 
========================================================================
Received Import Request.
  Time since last request: 0.000041 seconds.
  path: Assets/Samples/UltimateXR/0.9.6/Full Scene/Art/Interactive/Lab/Lamp/LabLampGeo.fbx
  artifactKey: Guid(c79293af6db8ce34dac6d637c8f00feb) Importer(815301076,1909f56bfc062723c751e8b465ee728b)
Start importing Assets/Samples/UltimateXR/0.9.6/Full Scene/Art/Interactive/Lab/Lamp/LabLampGeo.fbx using Guid(c79293af6db8ce34dac6d637c8f00feb) Importer(815301076,1909f56bfc062723c751e8b465ee728b)  -> (artifact id: '44eb0ee3cf57adb9c7a8b1909571cc56') in 0.131535 seconds 
========================================================================
Received Import Request.
  Time since last request: 0.000050 seconds.
  path: Assets/Samples/UltimateXR/0.9.6/Full Scene/Art/Environment/Modules/ShootingRangeModules/GlowCenterGeo.fbx
  artifactKey: Guid(9c26d9d4a23867e4f983a2f949b68040) Importer(815301076,1909f56bfc062723c751e8b465ee728b)
Start importing Assets/Samples/UltimateXR/0.9.6/Full Scene/Art/Environment/Modules/ShootingRangeModules/GlowCenterGeo.fbx using Guid(9c26d9d4a23867e4f983a2f949b68040) Importer(815301076,1909f56bfc062723c751e8b465ee728b)  -> (artifact id: '74ecfcf752bea47baaf15a5b223dab37') in 0.050409 seconds 
========================================================================
Received Import Request.
  Time since last request: 0.000041 seconds.
  path: Assets/Samples/UltimateXR/0.9.6/Full Scene/Art/Environment/Modules/PanelsRooms/PanelBotVentsGeo.fbx
  artifactKey: Guid(ad3dc7851c7fc0b4d80dba7c630eaeca) Importer(815301076,1909f56bfc062723c751e8b465ee728b)
Start importing Assets/Samples/UltimateXR/0.9.6/Full Scene/Art/Environment/Modules/PanelsRooms/PanelBotVentsGeo.fbx using Guid(ad3dc7851c7fc0b4d80dba7c630eaeca) Importer(815301076,1909f56bfc062723c751e8b465ee728b)  -> (artifact id: 'b22d5093fc4e5bb81b41e13c11842855') in 0.061230 seconds 
========================================================================
Received Import Request.
  Time since last request: 0.000048 seconds.
  path: Assets/Samples/UltimateXR/0.9.6/Full Scene/Art/Environment/Modules/FloorModules/FloorModuleBGeo.fbx
  artifactKey: Guid(e67548b591297984da3a565423abf69b) Importer(815301076,1909f56bfc062723c751e8b465ee728b)
Start importing Assets/Samples/UltimateXR/0.9.6/Full Scene/Art/Environment/Modules/FloorModules/FloorModuleBGeo.fbx using Guid(e67548b591297984da3a565423abf69b) Importer(815301076,1909f56bfc062723c751e8b465ee728b)  -> (artifact id: 'ff5cbfc04f9837aa0940ce574022620e') in 0.033837 seconds 
========================================================================
Received Import Request.
  Time since last request: 0.000043 seconds.
  path: Assets/Samples/UltimateXR/0.9.6/Full Scene/Art/Interactive/Weapons/Machinegun/FX/MachinegunProjectileGeo.FBX
  artifactKey: Guid(d629e715556274f48b429e235e279c63) Importer(815301076,1909f56bfc062723c751e8b465ee728b)
Start importing Assets/Samples/UltimateXR/0.9.6/Full Scene/Art/Interactive/Weapons/Machinegun/FX/MachinegunProjectileGeo.FBX using Guid(d629e715556274f48b429e235e279c63) Importer(815301076,1909f56bfc062723c751e8b465ee728b)  -> (artifact id: '3edab33b1d6a8e0f6641d7c7e699f470') in 0.044491 seconds 
========================================================================
Received Import Request.
  Time since last request: 0.000046 seconds.
  path: Assets/Samples/UltimateXR/0.9.6/Full Scene/Art/Environment/Modules/FloorModules/FloorModuleCentralGeo.fbx
  artifactKey: Guid(e7b24e4d3c7c8a240a4f9adc8b386e15) Importer(815301076,1909f56bfc062723c751e8b465ee728b)
Start importing Assets/Samples/UltimateXR/0.9.6/Full Scene/Art/Environment/Modules/FloorModules/FloorModuleCentralGeo.fbx using Guid(e7b24e4d3c7c8a240a4f9adc8b386e15) Importer(815301076,1909f56bfc062723c751e8b465ee728b)  -> (artifact id: 'de8ebaca2cfab4af20b0b335699fadfa') in 0.043484 seconds 
========================================================================
Received Import Request.
  Time since last request: 0.000078 seconds.
  path: Assets/Samples/UltimateXR/0.9.6/Full Scene/Art/Environment/Modules/ShootingRangeModules/CeilingFlat01Geo.fbx
  artifactKey: Guid(cf04a04a8a510bb4ca54e67ebb5f2fc8) Importer(815301076,1909f56bfc062723c751e8b465ee728b)
Start importing Assets/Samples/UltimateXR/0.9.6/Full Scene/Art/Environment/Modules/ShootingRangeModules/CeilingFlat01Geo.fbx using Guid(cf04a04a8a510bb4ca54e67ebb5f2fc8) Importer(815301076,1909f56bfc062723c751e8b465ee728b)  -> (artifact id: '7477e972d36c2e08f5f74f8bf0f31a10') in 0.039033 seconds 
========================================================================
Received Import Request.
  Time since last request: 0.000066 seconds.
  path: Assets/Samples/UltimateXR/0.9.6/Full Scene/Art/Environment/Modules/FloorBaseRooms/FloorBaseRoomControllerGeo.fbx
  artifactKey: Guid(87b9fb966e0b6894bb80fbd408fc91dc) Importer(815301076,1909f56bfc062723c751e8b465ee728b)
Start importing Assets/Samples/UltimateXR/0.9.6/Full Scene/Art/Environment/Modules/FloorBaseRooms/FloorBaseRoomControllerGeo.fbx using Guid(87b9fb966e0b6894bb80fbd408fc91dc) Importer(815301076,1909f56bfc062723c751e8b465ee728b)  -> (artifact id: 'f1292a7d2e50eadb186869a5d4a9f03e') in 0.069599 seconds 
========================================================================
Received Import Request.
  Time since last request: 0.000067 seconds.
  path: Assets/Samples/UltimateXR/0.9.6/Full Scene/Art/Environment/Modules/FloorModules/FloorBorderAGeo.fbx
  artifactKey: Guid(20cc75a74e0b62148b091947f835aae9) Importer(815301076,1909f56bfc062723c751e8b465ee728b)
Start importing Assets/Samples/UltimateXR/0.9.6/Full Scene/Art/Environment/Modules/FloorModules/FloorBorderAGeo.fbx using Guid(20cc75a74e0b62148b091947f835aae9) Importer(815301076,1909f56bfc062723c751e8b465ee728b)  -> (artifact id: '80b64bba04c5d76de0ebd2a1a571b67e') in 0.036709 seconds 
========================================================================
Received Import Request.
  Time since last request: 0.000075 seconds.
  path: Assets/Samples/UltimateXR/0.9.6/Full Scene/Art/Environment/Props/Display/DisplayGeo40.fbx
  artifactKey: Guid(9b70d5eebdb604a40ac6b7d59dc20223) Importer(815301076,1909f56bfc062723c751e8b465ee728b)
Start importing Assets/Samples/UltimateXR/0.9.6/Full Scene/Art/Environment/Props/Display/DisplayGeo40.fbx using Guid(9b70d5eebdb604a40ac6b7d59dc20223) Importer(815301076,1909f56bfc062723c751e8b465ee728b)  -> (artifact id: 'cf0216b45c4c91710838f7aa1e612398') in 0.052409 seconds 
========================================================================
Received Import Request.
  Time since last request: 0.000075 seconds.
  path: Assets/Samples/UltimateXR/0.9.6/Full Scene/Art/Environment/Modules/ShootingRangeModules/CeilingLight01Geo.fbx
  artifactKey: Guid(9c667f6bc8dd9da42847dc93ad9beed7) Importer(815301076,1909f56bfc062723c751e8b465ee728b)
Start importing Assets/Samples/UltimateXR/0.9.6/Full Scene/Art/Environment/Modules/ShootingRangeModules/CeilingLight01Geo.fbx using Guid(9c667f6bc8dd9da42847dc93ad9beed7) Importer(815301076,1909f56bfc062723c751e8b465ee728b)  -> (artifact id: '382283b8342883c873e34c11f987fb89') in 0.311663 seconds 
========================================================================
Received Import Request.
  Time since last request: 232.657864 seconds.
  path: Assets/Scenes/Tutorial_Bus.unity
  artifactKey: Guid(ea582356ecca7486fa6ca8d8e4547b1f) Importer(815301076,1909f56bfc062723c751e8b465ee728b)
Start importing Assets/Scenes/Tutorial_Bus.unity using Guid(ea582356ecca7486fa6ca8d8e4547b1f) Importer(815301076,1909f56bfc062723c751e8b465ee728b)  -> (artifact id: '526906caee384cab8321711a19ba8af0') in 0.022466 seconds 
========================================================================
Received Import Request.
  Time since last request: 3.084151 seconds.
  path: Assets/Scenes/Tutorial_P2.unity
  artifactKey: Guid(482d6fb5dcdf0446d83b91705d4d1ecf) Importer(815301076,1909f56bfc062723c751e8b465ee728b)
Start importing Assets/Scenes/Tutorial_P2.unity using Guid(482d6fb5dcdf0446d83b91705d4d1ecf) Importer(815301076,1909f56bfc062723c751e8b465ee728b)  -> (artifact id: '31118d6a442fd8a3f0006eaf74798f68') in 0.007716 seconds 
========================================================================
Received Import Request.
  Time since last request: 267.848182 seconds.
  path: Packages/com.unity.probuilder/Content/Icons/Toolbar/Background/AccentBar_Bottom.png
  artifactKey: Guid(19fabf6370255433fa736008910e1bf2) Importer(815301076,1909f56bfc062723c751e8b465ee728b)
Start importing Packages/com.unity.probuilder/Content/Icons/Toolbar/Background/AccentBar_Bottom.png using Guid(19fabf6370255433fa736008910e1bf2) Importer(815301076,1909f56bfc062723c751e8b465ee728b)  -> (artifact id: '10be42532db85dbe0a8f93b5241dc7bb') in 0.651031 seconds 
========================================================================
Received Import Request.
  Time since last request: 0.000135 seconds.
  path: Packages/com.unity.collab-proxy/Editor/Collaborate/Assets/Icons/added-file-light@2x.png
  artifactKey: Guid(ec2e3aa6d0ab8ce4eac29b56d65d61d5) Importer(815301076,1909f56bfc062723c751e8b465ee728b)
Start importing Packages/com.unity.collab-proxy/Editor/Collaborate/Assets/Icons/added-file-light@2x.png using Guid(ec2e3aa6d0ab8ce4eac29b56d65d61d5) Importer(815301076,1909f56bfc062723c751e8b465ee728b)  -> (artifact id: 'cdf870ad830bcf29184f54e12d6972ee') in 0.044325 seconds 
========================================================================
Received Import Request.
  Time since last request: 0.000040 seconds.
  path: Packages/com.unity.collab-proxy/Editor/Collaborate/Assets/Icons/added-file-dark.png
  artifactKey: Guid(1a4f52b613391cd449af3ad2e44affeb) Importer(815301076,1909f56bfc062723c751e8b465ee728b)
Start importing Packages/com.unity.collab-proxy/Editor/Collaborate/Assets/Icons/added-file-dark.png using Guid(1a4f52b613391cd449af3ad2e44affeb) Importer(815301076,1909f56bfc062723c751e8b465ee728b)  -> (artifact id: '841ffb586cf4a6d561766809eb90a0e0') in 0.025387 seconds 
========================================================================
Received Import Request.
  Time since last request: 0.000053 seconds.
  path: Packages/com.unity.collab-proxy/Editor/Collaborate/Assets/Icons/added-file-dark@2x.png
  artifactKey: Guid(c223e0c507e2c6549a2cb97441b62cbe) Importer(815301076,1909f56bfc062723c751e8b465ee728b)
Start importing Packages/com.unity.collab-proxy/Editor/Collaborate/Assets/Icons/added-file-dark@2x.png using Guid(c223e0c507e2c6549a2cb97441b62cbe) Importer(815301076,1909f56bfc062723c751e8b465ee728b)  -> (artifact id: '973f3362a31ef85181afe2baea303666') in 0.035314 seconds 
========================================================================
Received Import Request.
  Time since last request: 0.927524 seconds.
  path: Packages/com.unity.probuilder/Content/Icons/Toolbar/AltButton_Normal.png
  artifactKey: Guid(c175d9b0ccfa2428ea936c9c6b654bd1) Importer(815301076,1909f56bfc062723c751e8b465ee728b)
Start importing Packages/com.unity.probuilder/Content/Icons/Toolbar/AltButton_Normal.png using Guid(c175d9b0ccfa2428ea936c9c6b654bd1) Importer(815301076,1909f56bfc062723c751e8b465ee728b)  -> (artifact id: '6cffb10c799b5737fbe7672b534b612b') in 0.049450 seconds 
========================================================================
Received Import Request.
  Time since last request: 0.000069 seconds.
  path: Assets/Samples/UltimateXR/0.9.6/Full Scene/Art/Interactive/Weapons/Mags/AmmoTex.png
  artifactKey: Guid(21ee285f8625a0d44b3fd81512fbadc8) Importer(815301076,1909f56bfc062723c751e8b465ee728b)
Start importing Assets/Samples/UltimateXR/0.9.6/Full Scene/Art/Interactive/Weapons/Mags/AmmoTex.png using Guid(21ee285f8625a0d44b3fd81512fbadc8) Importer(815301076,1909f56bfc062723c751e8b465ee728b)  -> (artifact id: '4b228fc634cd31edd6b339cfe4eea857') in 0.027168 seconds 
========================================================================
Received Import Request.
  Time since last request: 0.000041 seconds.
  path: Packages/com.unity.probuilder/Content/Icons/Tools/ShapeTool/on/Arch@2x.png
  artifactKey: Guid(83a22ff5d6dac6a42bee117814bdd982) Importer(815301076,1909f56bfc062723c751e8b465ee728b)
Start importing Packages/com.unity.probuilder/Content/Icons/Tools/ShapeTool/on/Arch@2x.png using Guid(83a22ff5d6dac6a42bee117814bdd982) Importer(815301076,1909f56bfc062723c751e8b465ee728b)  -> (artifact id: 'b8c20ed068b7a14d33f7abbbcd9f1089') in 0.040351 seconds 
========================================================================
Received Import Request.
  Time since last request: 0.103067 seconds.
  path: Packages/com.unity.probuilder/Content/Icons/Tools/ShapeTool/Arch@2x.png
  artifactKey: Guid(88a167cee1bb94744976dbe4929b3d70) Importer(815301076,1909f56bfc062723c751e8b465ee728b)
Start importing Packages/com.unity.probuilder/Content/Icons/Tools/ShapeTool/Arch@2x.png using Guid(88a167cee1bb94744976dbe4929b3d70) Importer(815301076,1909f56bfc062723c751e8b465ee728b)  -> (artifact id: '2cfa9e3b0966cd57513bc70f8f6fce9d') in 0.027053 seconds 
========================================================================
Received Import Request.
  Time since last request: 0.000058 seconds.
  path: Packages/com.unity.collab-proxy/Editor/Collaborate/Assets/Icons/back-light.png
  artifactKey: Guid(e676ab7aa99535447a763c9f88bf9260) Importer(815301076,1909f56bfc062723c751e8b465ee728b)
Start importing Packages/com.unity.collab-proxy/Editor/Collaborate/Assets/Icons/back-light.png using Guid(e676ab7aa99535447a763c9f88bf9260) Importer(815301076,1909f56bfc062723c751e8b465ee728b)  -> (artifact id: 'e1c4bc9f17fd955a33d51e59fcb70ee7') in 0.030618 seconds 
========================================================================
Received Import Request.
  Time since last request: 0.000043 seconds.
  path: Packages/com.unity.textmeshpro/Editor Resources/Textures/btn_AlignCapLine.psd
  artifactKey: Guid(0d9a36012a224080966c7b55896aa0f9) Importer(815301076,1909f56bfc062723c751e8b465ee728b)
Start importing Packages/com.unity.textmeshpro/Editor Resources/Textures/btn_AlignCapLine.psd using Guid(0d9a36012a224080966c7b55896aa0f9) Importer(815301076,1909f56bfc062723c751e8b465ee728b)  -> (artifact id: '6b4c8877124b69092c8f0044c4c7622c') in 0.787436 seconds 
========================================================================
Received Import Request.
  Time since last request: 0.000101 seconds.
  path: Packages/com.unity.textmeshpro/Editor Resources/Textures/btn_AlignFlush_Light.psd
  artifactKey: Guid(64b9fad609434c489c32b1cdf2004a1c) Importer(815301076,1909f56bfc062723c751e8b465ee728b)
Start importing Packages/com.unity.textmeshpro/Editor Resources/Textures/btn_AlignFlush_Light.psd using Guid(64b9fad609434c489c32b1cdf2004a1c) Importer(815301076,1909f56bfc062723c751e8b465ee728b)  -> (artifact id: '6088753febfc5eee5f6e3d4fb7bc4736') in 0.027523 seconds 
========================================================================
Received Import Request.
  Time since last request: 0.000063 seconds.
  path: Packages/com.unity.textmeshpro/Editor Resources/Textures/btn_AlignCenter_Light.psd
  artifactKey: Guid(6ace62d30f494c948b71d5594afce11d) Importer(815301076,1909f56bfc062723c751e8b465ee728b)
Start importing Packages/com.unity.textmeshpro/Editor Resources/Textures/btn_AlignCenter_Light.psd using Guid(6ace62d30f494c948b71d5594afce11d) Importer(815301076,1909f56bfc062723c751e8b465ee728b)  -> (artifact id: '3ce1f50341efbd40591bf708ab85dd62') in 0.023372 seconds 
========================================================================
Received Import Request.
  Time since last request: 0.000043 seconds.
  path: Packages/com.unity.textmeshpro/Editor Resources/Textures/btn_AlignBottom_Light.psd
  artifactKey: Guid(585b70cb75dd43efbfead809c30a1731) Importer(815301076,1909f56bfc062723c751e8b465ee728b)
Start importing Packages/com.unity.textmeshpro/Editor Resources/Textures/btn_AlignBottom_Light.psd using Guid(585b70cb75dd43efbfead809c30a1731) Importer(815301076,1909f56bfc062723c751e8b465ee728b)  -> (artifact id: '5e507c761b659dde639c92fc56831a9a') in 0.026228 seconds 
========================================================================
Received Import Request.
  Time since last request: 0.000042 seconds.
  path: Packages/com.unity.textmeshpro/Editor Resources/Textures/btn_AlignBaseLine_Light.psd
  artifactKey: Guid(18775b51e3bd42299fd30bd036ea982f) Importer(815301076,1909f56bfc062723c751e8b465ee728b)
Start importing Packages/com.unity.textmeshpro/Editor Resources/Textures/btn_AlignBaseLine_Light.psd using Guid(18775b51e3bd42299fd30bd036ea982f) Importer(815301076,1909f56bfc062723c751e8b465ee728b)  -> (artifact id: '122c39e0537be1a510895d1ecb15df38') in 0.025991 seconds 
========================================================================
Received Import Request.
  Time since last request: 0.000058 seconds.
  path: Packages/com.unity.collab-proxy/Editor/Collaborate/Assets/Icons/back-light@2x.png
  artifactKey: Guid(f5c57327df0fa294c8209aa216435167) Importer(815301076,1909f56bfc062723c751e8b465ee728b)
Start importing Packages/com.unity.collab-proxy/Editor/Collaborate/Assets/Icons/back-light@2x.png using Guid(f5c57327df0fa294c8209aa216435167) Importer(815301076,1909f56bfc062723c751e8b465ee728b)  -> (artifact id: '71ce402dd02a324bb603fe5a0c14eaee') in 0.027088 seconds 
========================================================================
Received Import Request.
  Time since last request: 0.000041 seconds.
  path: Packages/com.unity.collab-proxy/Editor/Collaborate/Assets/Icons/back-dark.png
  artifactKey: Guid(8e3ec2dfd58b79842aa78376678a9a05) Importer(815301076,1909f56bfc062723c751e8b465ee728b)
Start importing Packages/com.unity.collab-proxy/Editor/Collaborate/Assets/Icons/back-dark.png using Guid(8e3ec2dfd58b79842aa78376678a9a05) Importer(815301076,1909f56bfc062723c751e8b465ee728b)  -> (artifact id: 'f93f4c1ad0446c87117cabd5cec668d3') in 0.024345 seconds 
========================================================================
Received Import Request.
  Time since last request: 0.000056 seconds.
  path: Packages/com.unity.textmeshpro/Editor Resources/Textures/btn_AlignCenter.psd
  artifactKey: Guid(81ed8c76d2bc4a4c95d092c98af4e58f) Importer(815301076,1909f56bfc062723c751e8b465ee728b)
Start importing Packages/com.unity.textmeshpro/Editor Resources/Textures/btn_AlignCenter.psd using Guid(81ed8c76d2bc4a4c95d092c98af4e58f) Importer(815301076,1909f56bfc062723c751e8b465ee728b)  -> (artifact id: 'ef59ab5c10188e691d3324283180f2cb') in 0.027219 seconds 
========================================================================
Received Import Request.
  Time since last request: 0.000048 seconds.
  path: Packages/com.unity.textmeshpro/Editor Resources/Textures/btn_AlignLeft_Light.psd
  artifactKey: Guid(12736c98af174f91827a26b66d2b01b9) Importer(815301076,1909f56bfc062723c751e8b465ee728b)
Start importing Packages/com.unity.textmeshpro/Editor Resources/Textures/btn_AlignLeft_Light.psd using Guid(12736c98af174f91827a26b66d2b01b9) Importer(815301076,1909f56bfc062723c751e8b465ee728b)  -> (artifact id: 'fa1edfbcba7b8c8c0a89cd0e8499a297') in 0.027203 seconds 
========================================================================
Received Import Request.
  Time since last request: 0.000051 seconds.
  path: Packages/com.unity.probuilder/Content/Icons/Toolbar/Bezier_Aligned.png
  artifactKey: Guid(bf4846dc2a1a844a29268dbc71f1c454) Importer(815301076,1909f56bfc062723c751e8b465ee728b)
Start importing Packages/com.unity.probuilder/Content/Icons/Toolbar/Bezier_Aligned.png using Guid(bf4846dc2a1a844a29268dbc71f1c454) Importer(815301076,1909f56bfc062723c751e8b465ee728b)  -> (artifact id: '0075e2b6444bbedf3a038311530cef54') in 0.032824 seconds 
========================================================================
Received Import Request.
  Time since last request: 0.000084 seconds.
  path: Packages/com.unity.textmeshpro/Editor Resources/Textures/btn_AlignCapLine_Light.psd
  artifactKey: Guid(49679f302ac6408697f6b9314a38985c) Importer(815301076,1909f56bfc062723c751e8b465ee728b)
Start importing Packages/com.unity.textmeshpro/Editor Resources/Textures/btn_AlignCapLine_Light.psd using Guid(49679f302ac6408697f6b9314a38985c) Importer(815301076,1909f56bfc062723c751e8b465ee728b)  -> (artifact id: '756690c491b2905d422e994ae596f6d8') in 0.030559 seconds 
========================================================================
Received Import Request.
  Time since last request: 203.948387 seconds.
  path: Assets/Scenes/Hub_Room.unity
  artifactKey: Guid(99c9720ab356a0642a771bea13969a05) Importer(815301076,1909f56bfc062723c751e8b465ee728b)
Start importing Assets/Scenes/Hub_Room.unity using Guid(99c9720ab356a0642a771bea13969a05) Importer(815301076,1909f56bfc062723c751e8b465ee728b)  -> (artifact id: 'e8648c8ae3df96ebdc3e8f9a7cb82a4f') in 0.006722 seconds 
========================================================================
Received Import Request.
  Time since last request: 5.220490 seconds.
  path: Assets/Scenes/Tutorial_P2.unity
  artifactKey: Guid(482d6fb5dcdf0446d83b91705d4d1ecf) Importer(815301076,1909f56bfc062723c751e8b465ee728b)
Start importing Assets/Scenes/Tutorial_P2.unity using Guid(482d6fb5dcdf0446d83b91705d4d1ecf) Importer(815301076,1909f56bfc062723c751e8b465ee728b)  -> (artifact id: '6085ac1893bd6be8c2b5e0df584ff55c') in 0.007097 seconds 
========================================================================
Received Import Request.
  Time since last request: 54.560776 seconds.
  path: Assets/Scenes/Tutorial_P3.unity
  artifactKey: Guid(75707e11a142243eb8e0052f27f90d38) Importer(815301076,1909f56bfc062723c751e8b465ee728b)
Start importing Assets/Scenes/Tutorial_P3.unity using Guid(75707e11a142243eb8e0052f27f90d38) Importer(815301076,1909f56bfc062723c751e8b465ee728b)  -> (artifact id: '75b48cc4fe17b690d1f362e4ef05cd97') in 0.007463 seconds 
========================================================================
Received Import Request.
  Time since last request: 99.036086 seconds.
  path: Assets/Scenes/Tutorial_P3.unity
  artifactKey: Guid(75707e11a142243eb8e0052f27f90d38) Importer(815301076,1909f56bfc062723c751e8b465ee728b)
Start importing Assets/Scenes/Tutorial_P3.unity using Guid(75707e11a142243eb8e0052f27f90d38) Importer(815301076,1909f56bfc062723c751e8b465ee728b)  -> (artifact id: '918a25408255ace3ab80fe74c4cc218e') in 0.007939 seconds 
